<?xml version="1.0" encoding="UTF-8"?>
<!-- Generated by org.testng.reporters.JUnitXMLReporter -->
<testsuite hostname="DESKTOP-JVC3DQI" ignored="2" name="Default test" tests="1" failures="0" timestamp="14 Jun 2018 08:57:15 GMT" time="34.124" errors="0">
  <testcase name="Clear_Date_Test" time="11.522" classname="com.testcases.AssetsPageTest"/>
  <testcase name="Create_Asset_Test" time="0.0" classname="com.testcases.AssetsPageTest">
    <ignored/>
  </testcase> <!-- Create_Asset_Test -->
  <testcase name="AssetsPage_Verification_Test" time="0.0" classname="com.testcases.AssetsPageTest">
    <ignored/>
  </testcase> <!-- AssetsPage_Verification_Test -->
</testsuite> <!-- Default test -->
