<?xml version="1.0" encoding="UTF-8"?>
<testng-results skipped="0" failed="0" ignored="2" total="3" passed="1">
  <reporter-output>
  </reporter-output>
  <suite name="Default suite" duration-ms="34124" started-at="2018-06-14T08:56:41Z" finished-at="2018-06-14T08:57:15Z">
    <groups>
    </groups>
    <test name="Default test" duration-ms="34124" started-at="2018-06-14T08:56:41Z" finished-at="2018-06-14T08:57:15Z">
      <class name="com.testcases.AssetsPageTest">
        <test-method status="PASS" signature="setUp()[pri:0, instance:com.testcases.AssetsPageTest@3f49dace]" name="setUp" is-config="true" duration-ms="21746" started-at="2018-06-14T14:26:41Z" finished-at="2018-06-14T14:27:03Z">
          <reporter-output>
          </reporter-output>
        </test-method> <!-- setUp -->
        <test-method status="PASS" signature="Clear_Date_Test()[pri:0, instance:com.testcases.AssetsPageTest@3f49dace]" name="Clear_Date_Test" duration-ms="11522" started-at="2018-06-14T14:27:03Z" finished-at="2018-06-14T14:27:14Z">
          <reporter-output>
          </reporter-output>
        </test-method> <!-- Clear_Date_Test -->
        <test-method status="PASS" signature="tearDown()[pri:0, instance:com.testcases.AssetsPageTest@3f49dace]" name="tearDown" is-config="true" duration-ms="838" started-at="2018-06-14T14:27:14Z" finished-at="2018-06-14T14:27:15Z">
          <reporter-output>
          </reporter-output>
        </test-method> <!-- tearDown -->
      </class> <!-- com.testcases.AssetsPageTest -->
    </test> <!-- Default test -->
  </suite> <!-- Default suite -->
</testng-results>
